<?xml version="1.0" encoding="UTF-8"?>
<testng-results skipped="0" failed="0" total="1" passed="1">
  <reporter-output>
  </reporter-output>
  <suite name="Surefire suite" duration-ms="14619" started-at="2018-04-13T11:11:29Z" finished-at="2018-04-13T11:11:44Z">
    <groups>
    </groups>
    <test name="Surefire test" duration-ms="14619" started-at="2018-04-13T11:11:29Z" finished-at="2018-04-13T11:11:44Z">
      <class name="TestLoginPasswordYandexMail">
        <test-method status="PASS" signature="setUp()[pri:0, instance:TestLoginPasswordYandexMail@21bcffb5]" name="setUp" is-config="true" duration-ms="5249" started-at="2018-04-13T14:11:29Z" finished-at="2018-04-13T14:11:34Z">
          <reporter-output>
          </reporter-output>
        </test-method> <!-- setUp -->
        <test-method status="PASS" signature="testLoginPassword()[pri:0, instance:TestLoginPasswordYandexMail@21bcffb5]" name="testLoginPassword" duration-ms="8336" started-at="2018-04-13T14:11:34Z" finished-at="2018-04-13T14:11:43Z">
          <reporter-output>
          </reporter-output>
        </test-method> <!-- testLoginPassword -->
        <test-method status="PASS" signature="tearDown()[pri:0, instance:TestLoginPasswordYandexMail@21bcffb5]" name="tearDown" is-config="true" duration-ms="1018" started-at="2018-04-13T14:11:43Z" finished-at="2018-04-13T14:11:44Z">
          <reporter-output>
          </reporter-output>
        </test-method> <!-- tearDown -->
      </class> <!-- TestLoginPasswordYandexMail -->
    </test> <!-- Surefire test -->
  </suite> <!-- Surefire suite -->
</testng-results>
